  [1m[35m (21.1ms)[0m  [1m[35mCREATE TABLE "schema_migrations" ("version" character varying PRIMARY KEY)[0m
  [1m[35m (4.9ms)[0m  [1m[35mCREATE TABLE "ar_internal_metadata" ("key" character varying PRIMARY KEY, "value" character varying, "created_at" timestamp NOT NULL, "updated_at" timestamp NOT NULL)[0m
  [1m[35m (0.9ms)[0m  [1m[34mSELECT pg_try_advisory_lock(7381167824530102995);[0m
  [1m[36mActiveRecord::SchemaMigration Load (0.5ms)[0m  [1m[34mSELECT "schema_migrations".* FROM "schema_migrations"[0m
Migrating to CreateUsers (20170216121215)
  [1m[35m (0.2ms)[0m  [1m[35mBEGIN[0m
  [1m[35m (9.9ms)[0m  [1m[35mCREATE TABLE "users" ("id" serial primary key, "email" character varying, "password_digest" character varying, "created_at" timestamp NOT NULL, "updated_at" timestamp NOT NULL)[0m
  [1m[35mSQL (2.2ms)[0m  [1m[32mINSERT INTO "schema_migrations" ("version") VALUES ($1) RETURNING "version"[0m  [["version", "20170216121215"]]
  [1m[35m (1.3ms)[0m  [1m[35mCOMMIT[0m
  [1m[36mActiveRecord::InternalMetadata Load (0.4ms)[0m  [1m[34mSELECT  "ar_internal_metadata".* FROM "ar_internal_metadata" WHERE "ar_internal_metadata"."key" = $1 LIMIT $2[0m  [["key", :environment], ["LIMIT", 1]]
  [1m[35m (0.1ms)[0m  [1m[35mBEGIN[0m
  [1m[35mSQL (1.6ms)[0m  [1m[32mINSERT INTO "ar_internal_metadata" ("key", "value", "created_at", "updated_at") VALUES ($1, $2, $3, $4) RETURNING "key"[0m  [["key", "environment"], ["value", "development"], ["created_at", 2017-02-16 12:37:16 UTC], ["updated_at", 2017-02-16 12:37:16 UTC]]
  [1m[35m (1.3ms)[0m  [1m[35mCOMMIT[0m
  [1m[35m (0.6ms)[0m  [1m[34mSELECT pg_advisory_unlock(7381167824530102995)[0m
  [1m[36mActiveRecord::SchemaMigration Load (0.3ms)[0m  [1m[34mSELECT "schema_migrations".* FROM "schema_migrations"[0m
Started POST "/register" for 127.0.0.1 at 2017-02-16 12:39:37 +0000
  [1m[36mActiveRecord::SchemaMigration Load (0.6ms)[0m  [1m[34mSELECT "schema_migrations".* FROM "schema_migrations"[0m
Processing by AuthenticationsController#register as */*
DEPRECATION WARNING: Method to_hash is deprecated and will be removed in Rails 5.1, as `ActionController::Parameters` no longer inherits from hash. Using this deprecated behavior exposes potential security problems. If you continue to use this method you may be creating a security vulnerability in your app that can be exploited. Instead, consider using one of these documented methods which are not deprecated: http://api.rubyonrails.org/v5.0.1/classes/ActionController/Parameters.html (called from merge! at /Users/sharonwong1/development/WDI-PROJECT-4-API/app/controllers/authentications_controller.rb:27)
  [1m[35m (0.1ms)[0m  [1m[35mBEGIN[0m
  [1m[36mUser Exists (1.6ms)[0m  [1m[34mSELECT  1 AS one FROM "users" WHERE "users"."email" IS NULL LIMIT $1[0m  [["LIMIT", 1]]
  [1m[35m (0.1ms)[0m  [1m[31mROLLBACK[0m
[active_model_serializers] Rendered ActiveModel::Serializer::Null with Hash (1.57ms)
Completed 422 Unprocessable Entity in 64ms (Views: 7.6ms | ActiveRecord: 9.2ms)


Started POST "/register" for 127.0.0.1 at 2017-02-16 12:40:32 +0000
Processing by AuthenticationsController#register as */*
  Parameters: {"email"=>"sharon@sharon.com", "password"=>"[FILTERED]", "password_confirmation"=>"[FILTERED]", "authentication"=>{"email"=>"sharon@sharon.com", "password"=>"[FILTERED]", "password_confirmation"=>"[FILTERED]"}}
DEPRECATION WARNING: Method to_hash is deprecated and will be removed in Rails 5.1, as `ActionController::Parameters` no longer inherits from hash. Using this deprecated behavior exposes potential security problems. If you continue to use this method you may be creating a security vulnerability in your app that can be exploited. Instead, consider using one of these documented methods which are not deprecated: http://api.rubyonrails.org/v5.0.1/classes/ActionController/Parameters.html (called from merge! at /Users/sharonwong1/development/WDI-PROJECT-4-API/app/controllers/authentications_controller.rb:27)
  [1m[35m (0.1ms)[0m  [1m[35mBEGIN[0m
  [1m[36mUser Exists (1.1ms)[0m  [1m[34mSELECT  1 AS one FROM "users" WHERE "users"."email" = $1 LIMIT $2[0m  [["email", "sharon@sharon.com"], ["LIMIT", 1]]
  [1m[35mSQL (2.5ms)[0m  [1m[32mINSERT INTO "users" ("email", "password_digest", "created_at", "updated_at") VALUES ($1, $2, $3, $4) RETURNING "id"[0m  [["email", "sharon@sharon.com"], ["password_digest", "$2a$10$zmaYjtN5HxukyA5iHNzbEuoi5lUj6tMG5AJrWvYx1j3CjYwnRGfnO"], ["created_at", 2017-02-16 12:40:32 UTC], ["updated_at", 2017-02-16 12:40:32 UTC]]
  [1m[35m (1.6ms)[0m  [1m[35mCOMMIT[0m
Completed 500 Internal Server Error in 84ms (ActiveRecord: 5.4ms)


  
NoMethodError (undefined method `issue' for Auth:Class):
  
app/controllers/authentications_controller.rb:7:in `register'
  [1m[36mActiveRecord::SchemaMigration Load (1.9ms)[0m  [1m[34mSELECT "schema_migrations".* FROM "schema_migrations"[0m
  [1m[35m (1.6ms)[0m  [1m[34mSELECT "ar_internal_metadata"."value" FROM "ar_internal_metadata" WHERE "ar_internal_metadata"."key" = $1[0m  [["key", :environment]]
  [1m[36mActiveRecord::SchemaMigration Load (0.3ms)[0m  [1m[34mSELECT "schema_migrations".* FROM "schema_migrations"[0m
  [1m[35m (0.2ms)[0m  [1m[34mSELECT "ar_internal_metadata"."value" FROM "ar_internal_metadata" WHERE "ar_internal_metadata"."key" = $1[0m  [["key", :environment]]
  [1m[36mActiveRecord::SchemaMigration Load (0.3ms)[0m  [1m[34mSELECT "schema_migrations".* FROM "schema_migrations"[0m
  [1m[35m (0.2ms)[0m  [1m[34mSELECT "ar_internal_metadata"."value" FROM "ar_internal_metadata" WHERE "ar_internal_metadata"."key" = $1[0m  [["key", :environment]]
  [1m[35m (124.5ms)[0m  [1m[35mDROP DATABASE IF EXISTS "wdi-project-4-api_development"[0m
  [1m[35m (121.1ms)[0m  [1m[35mDROP DATABASE IF EXISTS "wdi-project-4-api_test"[0m
  [1m[35m (339.7ms)[0m  [1m[35mCREATE DATABASE "wdi-project-4-api_development" ENCODING = 'unicode'[0m
  [1m[35m (249.5ms)[0m  [1m[35mCREATE DATABASE "wdi-project-4-api_test" ENCODING = 'unicode'[0m
  [1m[35m (8.2ms)[0m  [1m[35mCREATE TABLE "schema_migrations" ("version" character varying PRIMARY KEY)[0m
  [1m[35m (4.6ms)[0m  [1m[35mCREATE TABLE "ar_internal_metadata" ("key" character varying PRIMARY KEY, "value" character varying, "created_at" timestamp NOT NULL, "updated_at" timestamp NOT NULL)[0m
  [1m[35m (0.4ms)[0m  [1m[34mSELECT pg_try_advisory_lock(7381167824530102995);[0m
  [1m[36mActiveRecord::SchemaMigration Load (0.5ms)[0m  [1m[34mSELECT "schema_migrations".* FROM "schema_migrations"[0m
Migrating to CreateUsers (20170216121215)
  [1m[35m (0.2ms)[0m  [1m[35mBEGIN[0m
  [1m[35m (8.5ms)[0m  [1m[35mCREATE TABLE "users" ("id" serial primary key, "email" character varying, "password_digest" character varying, "created_at" timestamp NOT NULL, "updated_at" timestamp NOT NULL)[0m
  [1m[35mSQL (0.6ms)[0m  [1m[32mINSERT INTO "schema_migrations" ("version") VALUES ($1) RETURNING "version"[0m  [["version", "20170216121215"]]
  [1m[35m (1.3ms)[0m  [1m[35mCOMMIT[0m
  [1m[36mActiveRecord::InternalMetadata Load (0.4ms)[0m  [1m[34mSELECT  "ar_internal_metadata".* FROM "ar_internal_metadata" WHERE "ar_internal_metadata"."key" = $1 LIMIT $2[0m  [["key", :environment], ["LIMIT", 1]]
  [1m[35m (0.1ms)[0m  [1m[35mBEGIN[0m
  [1m[35mSQL (0.5ms)[0m  [1m[32mINSERT INTO "ar_internal_metadata" ("key", "value", "created_at", "updated_at") VALUES ($1, $2, $3, $4) RETURNING "key"[0m  [["key", "environment"], ["value", "development"], ["created_at", 2017-02-16 12:44:17 UTC], ["updated_at", 2017-02-16 12:44:17 UTC]]
  [1m[35m (1.2ms)[0m  [1m[35mCOMMIT[0m
  [1m[35m (0.3ms)[0m  [1m[34mSELECT pg_advisory_unlock(7381167824530102995)[0m
  [1m[36mActiveRecord::SchemaMigration Load (0.2ms)[0m  [1m[34mSELECT "schema_migrations".* FROM "schema_migrations"[0m
  [1m[36mActiveRecord::SchemaMigration Load (0.2ms)[0m  [1m[34mSELECT "schema_migrations".* FROM "schema_migrations"[0m
Started POST "/register" for 127.0.0.1 at 2017-02-16 12:44:27 +0000
  [1m[36mActiveRecord::SchemaMigration Load (0.5ms)[0m  [1m[34mSELECT "schema_migrations".* FROM "schema_migrations"[0m
Processing by AuthenticationsController#register as */*
  Parameters: {"email"=>"sharon@sharon.com", "password"=>"[FILTERED]", "password_confirmation"=>"[FILTERED]", "authentication"=>{"email"=>"sharon@sharon.com", "password"=>"[FILTERED]", "password_confirmation"=>"[FILTERED]"}}
DEPRECATION WARNING: Method to_hash is deprecated and will be removed in Rails 5.1, as `ActionController::Parameters` no longer inherits from hash. Using this deprecated behavior exposes potential security problems. If you continue to use this method you may be creating a security vulnerability in your app that can be exploited. Instead, consider using one of these documented methods which are not deprecated: http://api.rubyonrails.org/v5.0.1/classes/ActionController/Parameters.html (called from merge! at /Users/sharonwong1/development/WDI-PROJECT-4-API/app/controllers/authentications_controller.rb:27)
  [1m[35m (0.1ms)[0m  [1m[35mBEGIN[0m
  [1m[36mUser Exists (0.9ms)[0m  [1m[34mSELECT  1 AS one FROM "users" WHERE "users"."email" = $1 LIMIT $2[0m  [["email", "sharon@sharon.com"], ["LIMIT", 1]]
  [1m[35mSQL (0.6ms)[0m  [1m[32mINSERT INTO "users" ("email", "password_digest", "created_at", "updated_at") VALUES ($1, $2, $3, $4) RETURNING "id"[0m  [["email", "sharon@sharon.com"], ["password_digest", "$2a$10$3TWjXq06B13HNzjn1/oQpOBjzfpAxycueeALU5QPIwD77Ae6rvAWi"], ["created_at", 2017-02-16 12:44:28 UTC], ["updated_at", 2017-02-16 12:44:28 UTC]]
  [1m[35m (1.2ms)[0m  [1m[35mCOMMIT[0m
Completed 500 Internal Server Error in 118ms (ActiveRecord: 7.9ms)


  
NoMethodError (undefined method `issue' for Auth:Class):
  
app/controllers/authentications_controller.rb:7:in `register'
Started POST "/register" for 127.0.0.1 at 2017-02-16 12:45:31 +0000
Processing by AuthenticationsController#register as */*
  Parameters: {"email"=>"sharon@sharon.com", "password"=>"[FILTERED]", "password_confirmation"=>"[FILTERED]", "authentication"=>{"email"=>"sharon@sharon.com", "password"=>"[FILTERED]", "password_confirmation"=>"[FILTERED]"}}
DEPRECATION WARNING: Method to_hash is deprecated and will be removed in Rails 5.1, as `ActionController::Parameters` no longer inherits from hash. Using this deprecated behavior exposes potential security problems. If you continue to use this method you may be creating a security vulnerability in your app that can be exploited. Instead, consider using one of these documented methods which are not deprecated: http://api.rubyonrails.org/v5.0.1/classes/ActionController/Parameters.html (called from merge! at /Users/sharonwong1/development/WDI-PROJECT-4-API/app/controllers/authentications_controller.rb:27)
  [1m[35m (0.1ms)[0m  [1m[35mBEGIN[0m
  [1m[36mUser Exists (0.3ms)[0m  [1m[34mSELECT  1 AS one FROM "users" WHERE "users"."email" = $1 LIMIT $2[0m  [["email", "sharon@sharon.com"], ["LIMIT", 1]]
  [1m[35m (0.2ms)[0m  [1m[31mROLLBACK[0m
[active_model_serializers] Rendered ActiveModel::Serializer::Null with Hash (0.22ms)
Completed 422 Unprocessable Entity in 91ms (Views: 5.6ms | ActiveRecord: 0.6ms)


Started POST "/register" for 127.0.0.1 at 2017-02-16 12:45:49 +0000
  [1m[36mActiveRecord::SchemaMigration Load (0.6ms)[0m  [1m[34mSELECT "schema_migrations".* FROM "schema_migrations"[0m
Processing by AuthenticationsController#register as */*
  Parameters: {"email"=>"sharon@sharon.com", "password"=>"[FILTERED]", "password_confirmation"=>"[FILTERED]", "authentication"=>{"email"=>"sharon@sharon.com", "password"=>"[FILTERED]", "password_confirmation"=>"[FILTERED]"}}
DEPRECATION WARNING: Method to_hash is deprecated and will be removed in Rails 5.1, as `ActionController::Parameters` no longer inherits from hash. Using this deprecated behavior exposes potential security problems. If you continue to use this method you may be creating a security vulnerability in your app that can be exploited. Instead, consider using one of these documented methods which are not deprecated: http://api.rubyonrails.org/v5.0.1/classes/ActionController/Parameters.html (called from merge! at /Users/sharonwong1/development/WDI-PROJECT-4-API/app/controllers/authentications_controller.rb:27)
  [1m[35m (0.1ms)[0m  [1m[35mBEGIN[0m
  [1m[36mUser Exists (0.9ms)[0m  [1m[34mSELECT  1 AS one FROM "users" WHERE "users"."email" = $1 LIMIT $2[0m  [["email", "sharon@sharon.com"], ["LIMIT", 1]]
  [1m[35m (0.2ms)[0m  [1m[31mROLLBACK[0m
[active_model_serializers] Rendered ActiveModel::Serializer::Null with Hash (0.12ms)
Completed 422 Unprocessable Entity in 99ms (Views: 3.3ms | ActiveRecord: 6.7ms)


Started POST "/login" for 127.0.0.1 at 2017-02-16 12:45:58 +0000
Processing by AuthenticationsController#login as */*
  Parameters: {"email"=>"sharon@sharon.com", "password"=>"[FILTERED]", "password_confirmation"=>"[FILTERED]", "authentication"=>{"email"=>"sharon@sharon.com", "password"=>"[FILTERED]", "password_confirmation"=>"[FILTERED]"}}
  [1m[36mUser Load (0.7ms)[0m  [1m[34mSELECT  "users".* FROM "users" WHERE "users"."email" = $1 LIMIT $2[0m  [["email", "sharon@sharon.com"], ["LIMIT", 1]]
[active_model_serializers] Rendered ActiveModel::Serializer::Null with Hash (15.36ms)
Completed 200 OK in 96ms (Views: 15.8ms | ActiveRecord: 0.9ms)


Started POST "/login" for 127.0.0.1 at 2017-02-16 12:46:10 +0000
Processing by AuthenticationsController#login as */*
  Parameters: {"email"=>"sharon@sharon.com", "password"=>"[FILTERED]", "authentication"=>{"email"=>"sharon@sharon.com", "password"=>"[FILTERED]"}}
  [1m[36mUser Load (0.3ms)[0m  [1m[34mSELECT  "users".* FROM "users" WHERE "users"."email" = $1 LIMIT $2[0m  [["email", "sharon@sharon.com"], ["LIMIT", 1]]
[active_model_serializers] Rendered ActiveModel::Serializer::Null with Hash (0.12ms)
Completed 200 OK in 70ms (Views: 0.5ms | ActiveRecord: 0.3ms)


